2013/02/18 00:06:53 [error] [exception.CHttpException.404] exception 'CHttpException' with message 'Unable to resolve the request "gii".' in C:\wamp\www\yii\framework\web\CWebApplication.php:286
Stack trace:
#0 C:\wamp\www\yii\framework\web\CWebApplication.php(141): CWebApplication->runController('gii')
#1 C:\wamp\www\yii\framework\base\CApplication.php(169): CWebApplication->processRequest()
#2 C:\wamp\www\Cvetex\index.php(13): CApplication->run()
#3 {main}
REQUEST_URI=/cvetex/index.php?r=gii
---
2013/02/27 23:44:02 [error] [exception.CException] exception 'CException' with message 'Property "Article.status_id" is not defined.' in C:\wamp\www\yii\framework\base\CComponent.php:130
Stack trace:
#0 C:\wamp\www\yii\framework\db\ar\CActiveRecord.php(143): CComponent->__get('status_id')
#1 C:\wamp\www\yii\framework\web\helpers\CHtml.php(2255): CActiveRecord->__get('status_id')
#2 C:\wamp\www\yii\framework\web\helpers\CHtml.php(1565): CHtml::resolveValue(Object(Article), 'status_id')
#3 C:\wamp\www\yii\framework\web\widgets\CActiveForm.php(763): CHtml::activeDropDownList(Object(Article), 'status_id', Array, Array)
#4 C:\wamp\www\Cvetex\protected\views\article\_form.php(26): CActiveForm->dropDownList(Object(Article), 'status_id', Array)
#5 C:\wamp\www\yii\framework\web\CBaseController.php(126): require('C:\wamp\www\Cve...')
#6 C:\wamp\www\yii\framework\web\CBaseController.php(95): CBaseController->renderInternal('C:\wamp\www\Cve...', Array, true)
#7 C:\wamp\www\yii\framework\web\CController.php(869): CBaseController->renderFile('C:\wamp\www\Cve...', Array, true)
#8 C:\wamp\www\Cvetex\protected\views\article\create.php(18): CController->renderPartial('_form', Array)
#9 C:\wamp\www\yii\framework\web\CBaseController.php(126): require('C:\wamp\www\Cve...')
#10 C:\wamp\www\yii\framework\web\CBaseController.php(95): CBaseController->renderInternal('C:\wamp\www\Cve...', Array, true)
#11 C:\wamp\www\yii\framework\web\CController.php(869): CBaseController->renderFile('C:\wamp\www\Cve...', Array, true)
#12 C:\wamp\www\yii\framework\web\CController.php(782): CController->renderPartial('create', Array, true)
#13 C:\wamp\www\Cvetex\protected\controllers\ArticleController.php(79): CController->render('create', Array)
#14 C:\wamp\www\yii\framework\web\actions\CInlineAction.php(49): ArticleController->actionCreate()
#15 C:\wamp\www\yii\framework\web\CController.php(308): CInlineAction->runWithParams(Array)
#16 C:\wamp\www\yii\framework\web\filters\CFilterChain.php(133): CController->runAction(Object(CInlineAction))
#17 C:\wamp\www\yii\framework\web\filters\CFilter.php(40): CFilterChain->run()
#18 C:\wamp\www\yii\framework\web\CController.php(1145): CFilter->filter(Object(CFilterChain))
#19 C:\wamp\www\yii\framework\web\filters\CInlineFilter.php(58): CController->filterAccessControl(Object(CFilterChain))
#20 C:\wamp\www\yii\framework\web\filters\CFilterChain.php(130): CInlineFilter->filter(Object(CFilterChain))
#21 C:\wamp\www\yii\framework\web\CController.php(291): CFilterChain->run()
#22 C:\wamp\www\yii\framework\web\CController.php(265): CController->runActionWithFilters(Object(CInlineAction), Array)
#23 C:\wamp\www\yii\framework\web\CWebApplication.php(282): CController->run('create')
#24 C:\wamp\www\yii\framework\web\CWebApplication.php(141): CWebApplication->runController('article/create')
#25 C:\wamp\www\yii\framework\base\CApplication.php(169): CWebApplication->processRequest()
#26 C:\wamp\www\Cvetex\index.php(13): CApplication->run()
#27 {main}
REQUEST_URI=/cvetex/index.php?r=article/create
HTTP_REFERER=http://localhost/cvetex/index.php?r=article
---
